#
# There is insufficient memory for the Java Runtime Environment to continue.
# Native memory allocation (malloc) failed to allocate 727248 bytes. Error detail: Chunk::new
# Possible reasons:
#   The system is out of physical RAM or swap space
#   This process is running with CompressedOops enabled, and the Java Heap may be blocking the growth of the native heap
# Possible solutions:
#   Reduce memory load on the system
#   Increase physical memory or swap space
#   Check if swap backing store is full
#   Decrease Java heap size (-Xmx/-Xms)
#   Decrease number of Java threads
#   Decrease Java thread stack sizes (-Xss)
#   Set larger code cache with -XX:ReservedCodeCacheSize=
#   JVM is running with Unscaled Compressed Oops mode in which the Java heap is
#     placed in the first 4GB address space. The Java Heap base address is the
#     maximum limit for the native heap growth. Please use -XX:HeapBaseMinAddress
#     to set the Java Heap base and to place the Java Heap above 4GB virtual address.
# This output file may be truncated or incomplete.
#
#  Out of Memory Error (arena.cpp:191), pid=25536, tid=27144
#
# JRE version: OpenJDK Runtime Environment Temurin-17.0.13+11 (17.0.13+11) (build 17.0.13+11)
# Java VM: OpenJDK 64-Bit Server VM Temurin-17.0.13+11 (17.0.13+11, mixed mode, tiered, compressed oops, compressed class ptrs, parallel gc, windows-amd64)
# No core dump will be written. Minidumps are not enabled by default on client versions of Windows
#

---------------  S U M M A R Y ------------

Command Line: --add-modules=ALL-SYSTEM --add-opens=java.base/java.util=ALL-UNNAMED --add-opens=java.base/java.lang=ALL-UNNAMED --add-opens=java.base/sun.nio.fs=ALL-UNNAMED -Declipse.application=org.eclipse.jdt.ls.core.id1 -Dosgi.bundles.defaultStartLevel=4 -Declipse.product=org.eclipse.jdt.ls.core.product -Djava.import.generatesMetadataFilesAtProjectRoot=false -DDetectVMInstallationsJob.disabled=true -Dfile.encoding=utf8 -XX:+UseParallelGC -XX:GCTimeRatio=4 -XX:AdaptiveSizePolicyWeight=90 -Dsun.zip.disableMemoryMapping=true -Xmx1G -Xms100m -Xlog:disable -javaagent:c:\Users\ADMIN\.vscode\extensions\redhat.java-1.36.0-win32-x64\lombok\lombok-1.18.35.jar -XX:+HeapDumpOnOutOfMemoryError -XX:HeapDumpPath=c:\Users\ADMIN\AppData\Roaming\Code\User\workspaceStorage\14864e2f30b206bf4e9a29f563c2def8\redhat.java -Daether.dependencyCollector.impl=bf c:\Users\ADMIN\.vscode\extensions\redhat.java-1.36.0-win32-x64\server\plugins\org.eclipse.equinox.launcher_1.6.900.v20240613-2009.jar -configuration c:\Users\ADMIN\AppData\Roaming\Code\User\globalStorage\redhat.java\1.36.0\config_win -data c:\Users\ADMIN\AppData\Roaming\Code\User\workspaceStorage\14864e2f30b206bf4e9a29f563c2def8\redhat.java\jdt_ws --pipe=\\.\pipe\lsp-a6677e13352aa21e779c14a568d649cc-sock

Host: AMD Ryzen 5 5600H with Radeon Graphics         , 12 cores, 7G,  Windows 11 , 64 bit Build 22621 (10.0.22621.3958)
Time: Tue Nov  5 18:02:30 2024 SE Asia Standard Time elapsed time: 8.884207 seconds (0d 0h 0m 8s)

---------------  T H R E A D  ---------------

Current thread (0x000001ce5c2d7f70):  JavaThread "C2 CompilerThread0" daemon [_thread_in_native, id=27144, stack(0x000000b25e000000,0x000000b25e100000)]


Current CompileTask:
C2:   8884 5294       4       jdk.internal.jimage.ImageLocation::getFullName (109 bytes)

Stack: [0x000000b25e000000,0x000000b25e100000]
Native frames: (J=compiled Java code, j=interpreted, Vv=VM code, C=native code)
V  [jvm.dll+0x682a19]
V  [jvm.dll+0x839538]
V  [jvm.dll+0x83afe3]
V  [jvm.dll+0x83b653]
V  [jvm.dll+0x24704f]
V  [jvm.dll+0xace34]
V  [jvm.dll+0xad4cc]
V  [jvm.dll+0x36597e]
V  [jvm.dll+0x32fbd8]
V  [jvm.dll+0x32f05a]
V  [jvm.dll+0x21804f]
V  [jvm.dll+0x21748f]
V  [jvm.dll+0x1a3070]
V  [jvm.dll+0x22788c]
V  [jvm.dll+0x2259eb]
V  [jvm.dll+0x7eec98]
V  [jvm.dll+0x7e8ffc]
V  [jvm.dll+0x6818f7]
C  [ucrtbase.dll+0x29333]
C  [KERNEL32.DLL+0x1257d]
C  [ntdll.dll+0x5af08]


---------------  P R O C E S S  ---------------

Threads class SMR info:
_java_thread_list=0x000001ce5fb00e90, length=43, elements={
0x000001ce413eed40, 0x000001ce5c2b7020, 0x000001ce571b1410, 0x000001ce5c2cef20,
0x000001ce5c2cfae0, 0x000001ce5c2d06a0, 0x000001ce5c2d5270, 0x000001ce5c2d7f70,
0x000001ce5c2dca20, 0x000001ce571c8fd0, 0x000001ce414524a0, 0x000001ce5da87030,
0x000001ce5e0c74f0, 0x000001ce5e10ecb0, 0x000001ce5e1735e0, 0x000001ce5e173e90,
0x000001ce5e68b470, 0x000001ce5e594980, 0x000001ce5e5962d0, 0x000001ce5e5953a0,
0x000001ce5e595dc0, 0x000001ce5e596cf0, 0x000001ce5e594470, 0x000001ce5e5967e0,
0x000001ce5e593540, 0x000001ce5e593a50, 0x000001ce5e593f60, 0x000001ce5e594e90,
0x000001ce5fcbf630, 0x000001ce5fcbd7d0, 0x000001ce5fcbdce0, 0x000001ce5fcbe1f0,
0x000001ce5fcbc8a0, 0x000001ce5fcc0a70, 0x000001ce5fcbbe80, 0x000001ce5fcbe700,
0x000001ce5fcbec10, 0x000001ce5fcc1eb0, 0x000001ce5fcbf120, 0x000001ce5fcbcdb0,
0x000001ce5fcbd2c0, 0x000001ce5fcc28d0, 0x000001ce5fcbfb40
}

Java Threads: ( => current thread )
  0x000001ce413eed40 JavaThread "main" [_thread_blocked, id=26504, stack(0x000000b25d600000,0x000000b25d700000)]
  0x000001ce5c2b7020 JavaThread "Reference Handler" daemon [_thread_blocked, id=23532, stack(0x000000b25da00000,0x000000b25db00000)]
  0x000001ce571b1410 JavaThread "Finalizer" daemon [_thread_blocked, id=19560, stack(0x000000b25db00000,0x000000b25dc00000)]
  0x000001ce5c2cef20 JavaThread "Signal Dispatcher" daemon [_thread_blocked, id=6340, stack(0x000000b25dc00000,0x000000b25dd00000)]
  0x000001ce5c2cfae0 JavaThread "Attach Listener" daemon [_thread_blocked, id=25532, stack(0x000000b25dd00000,0x000000b25de00000)]
  0x000001ce5c2d06a0 JavaThread "Service Thread" daemon [_thread_blocked, id=23364, stack(0x000000b25de00000,0x000000b25df00000)]
  0x000001ce5c2d5270 JavaThread "Monitor Deflation Thread" daemon [_thread_blocked, id=14216, stack(0x000000b25df00000,0x000000b25e000000)]
=>0x000001ce5c2d7f70 JavaThread "C2 CompilerThread0" daemon [_thread_in_native, id=27144, stack(0x000000b25e000000,0x000000b25e100000)]
  0x000001ce5c2dca20 JavaThread "C1 CompilerThread0" daemon [_thread_in_native, id=9208, stack(0x000000b25e100000,0x000000b25e200000)]
  0x000001ce571c8fd0 JavaThread "Sweeper thread" daemon [_thread_blocked, id=25680, stack(0x000000b25e200000,0x000000b25e300000)]
  0x000001ce414524a0 JavaThread "Common-Cleaner" daemon [_thread_blocked, id=25036, stack(0x000000b25e300000,0x000000b25e400000)]
  0x000001ce5da87030 JavaThread "Notification Thread" daemon [_thread_blocked, id=26764, stack(0x000000b25e400000,0x000000b25e500000)]
  0x000001ce5e0c74f0 JavaThread "Active Thread: Equinox Container: 1baf7d81-c4b6-4afe-8ded-89985caaf158" [_thread_blocked, id=21912, stack(0x000000b25ec00000,0x000000b25ed00000)]
  0x000001ce5e10ecb0 JavaThread "Refresh Thread: Equinox Container: 1baf7d81-c4b6-4afe-8ded-89985caaf158" daemon [_thread_blocked, id=25480, stack(0x000000b25ed00000,0x000000b25ee00000)]
  0x000001ce5e1735e0 JavaThread "Framework Event Dispatcher: Equinox Container: 1baf7d81-c4b6-4afe-8ded-89985caaf158" daemon [_thread_blocked, id=25100, stack(0x000000b25ee00000,0x000000b25ef00000)]
  0x000001ce5e173e90 JavaThread "Start Level: Equinox Container: 1baf7d81-c4b6-4afe-8ded-89985caaf158" daemon [_thread_blocked, id=17804, stack(0x000000b25ef00000,0x000000b25f000000)]
  0x000001ce5e68b470 JavaThread "Bundle File Closer" daemon [_thread_blocked, id=17128, stack(0x000000b25f100000,0x000000b25f200000)]
  0x000001ce5e594980 JavaThread "SCR Component Actor" daemon [_thread_blocked, id=4420, stack(0x000000b25f300000,0x000000b25f400000)]
  0x000001ce5e5962d0 JavaThread "SCR Component Registry" daemon [_thread_blocked, id=23880, stack(0x000000b25f400000,0x000000b25f500000)]
  0x000001ce5e5953a0 JavaThread "Worker-JM" [_thread_blocked, id=23212, stack(0x000000b25f600000,0x000000b25f700000)]
  0x000001ce5e595dc0 JavaThread "JNA Cleaner" daemon [_thread_blocked, id=6516, stack(0x000000b25f700000,0x000000b25f800000)]
  0x000001ce5e596cf0 JavaThread "Worker-0: Updating Maven Dependencies" [_thread_in_vm, id=24688, stack(0x000000b25f800000,0x000000b25f900000)]
  0x000001ce5e594470 JavaThread "Worker-1: Repository registry initialization" [_thread_blocked, id=2244, stack(0x000000b25f900000,0x000000b25fa00000)]
  0x000001ce5e5967e0 JavaThread "Worker-2: Initialize After Load" [_thread_in_Java, id=21792, stack(0x000000b25fa00000,0x000000b25fb00000)]
  0x000001ce5e593540 JavaThread "Java indexing" daemon [_thread_in_Java, id=12000, stack(0x000000b25fb00000,0x000000b25fc00000)]
  0x000001ce5e593a50 JavaThread "Worker-3: Java indexing... " [_thread_blocked, id=22732, stack(0x000000b25fc00000,0x000000b25fd00000)]
  0x000001ce5e593f60 JavaThread "Thread-2" daemon [_thread_in_native, id=25732, stack(0x000000b25fd00000,0x000000b25fe00000)]
  0x000001ce5e594e90 JavaThread "Thread-3" daemon [_thread_in_native, id=14052, stack(0x000000b25fe00000,0x000000b25ff00000)]
  0x000001ce5fcbf630 JavaThread "Thread-4" daemon [_thread_in_native, id=25240, stack(0x000000b25ff00000,0x000000b260000000)]
  0x000001ce5fcbd7d0 JavaThread "Thread-5" daemon [_thread_in_native, id=10680, stack(0x000000b260000000,0x000000b260100000)]
  0x000001ce5fcbdce0 JavaThread "Thread-6" daemon [_thread_in_native, id=3352, stack(0x000000b260100000,0x000000b260200000)]
  0x000001ce5fcbe1f0 JavaThread "Thread-7" daemon [_thread_in_native, id=26300, stack(0x000000b260200000,0x000000b260300000)]
  0x000001ce5fcbc8a0 JavaThread "Thread-8" daemon [_thread_in_native, id=18452, stack(0x000000b260300000,0x000000b260400000)]
  0x000001ce5fcc0a70 JavaThread "Thread-9" daemon [_thread_in_native, id=23428, stack(0x000000b260400000,0x000000b260500000)]
  0x000001ce5fcbbe80 JavaThread "Thread-10" daemon [_thread_in_native, id=9440, stack(0x000000b260500000,0x000000b260600000)]
  0x000001ce5fcbe700 JavaThread "Thread-11" daemon [_thread_in_native, id=12996, stack(0x000000b260600000,0x000000b260700000)]
  0x000001ce5fcbec10 JavaThread "Thread-12" daemon [_thread_in_native, id=13412, stack(0x000000b260700000,0x000000b260800000)]
  0x000001ce5fcc1eb0 JavaThread "Thread-13" daemon [_thread_in_native, id=27356, stack(0x000000b260800000,0x000000b260900000)]
  0x000001ce5fcbf120 JavaThread "Thread-14" daemon [_thread_in_native, id=10244, stack(0x000000b260900000,0x000000b260a00000)]
  0x000001ce5fcbcdb0 JavaThread "pool-2-thread-1" [_thread_blocked, id=7092, stack(0x000000b260a00000,0x000000b260b00000)]
  0x000001ce5fcbd2c0 JavaThread "Worker-4" [_thread_blocked, id=11576, stack(0x000000b260b00000,0x000000b260c00000)]
  0x000001ce5fcc28d0 JavaThread "WorkspaceEventsHandler" [_thread_blocked, id=29196, stack(0x000000b260c00000,0x000000b260d00000)]
  0x000001ce5fcbfb40 JavaThread "pool-1-thread-1" [_thread_blocked, id=27964, stack(0x000000b260d00000,0x000000b260e00000)]

Other Threads:
  0x000001ce4149ec50 VMThread "VM Thread" [stack: 0x000000b25d900000,0x000000b25da00000] [id=11936]
  0x000001ce5da87510 WatcherThread [stack: 0x000000b25e500000,0x000000b25e600000] [id=26288]
  0x000001ce41405a50 GCTaskThread "GC Thread#0" [stack: 0x000000b25d800000,0x000000b25d900000] [id=12256]
  0x000001ce5e0a7870 GCTaskThread "GC Thread#1" [stack: 0x000000b25e600000,0x000000b25e700000] [id=27808]
  0x000001ce5e056d00 GCTaskThread "GC Thread#2" [stack: 0x000000b25e700000,0x000000b25e800000] [id=11476]
  0x000001ce5e056200 GCTaskThread "GC Thread#3" [stack: 0x000000b25e800000,0x000000b25e900000] [id=5488]
  0x000001ce5e055180 GCTaskThread "GC Thread#4" [stack: 0x000000b25e900000,0x000000b25ea00000] [id=14304]
  0x000001ce5e055700 GCTaskThread "GC Thread#5" [stack: 0x000000b25ea00000,0x000000b25eb00000] [id=5228]
  0x000001ce5e055440 GCTaskThread "GC Thread#6" [stack: 0x000000b25eb00000,0x000000b25ec00000] [id=23828]
  0x000001ce5e056780 GCTaskThread "GC Thread#7" [stack: 0x000000b25f000000,0x000000b25f100000] [id=5664]
  0x000001ce5e055c80 GCTaskThread "GC Thread#8" [stack: 0x000000b25f200000,0x000000b25f300000] [id=5236]
  0x000001ce5e6956d0 GCTaskThread "GC Thread#9" [stack: 0x000000b25f500000,0x000000b25f600000] [id=28484]

Threads with active compile tasks:
C2 CompilerThread0     8922 5294       4       jdk.internal.jimage.ImageLocation::getFullName (109 bytes)
C1 CompilerThread0     8922 5432  s    2       org.eclipse.jdt.internal.compiler.classfmt.MethodInfo::readCodeAttribute (122 bytes)

VM state: not at safepoint (normal execution)

VM Mutex/Monitor currently owned by a thread: None

Heap address: 0x00000000c0000000, size: 1024 MB, Compressed Oops mode: 32-bit

CDS archive(s) not mapped
Compressed class space mapped at: 0x0000000100000000-0x0000000140000000, reserved size: 1073741824
Narrow klass base: 0x0000000000000000, Narrow klass shift: 3, Narrow klass range: 0x140000000

GC Precious Log:
 CPUs: 12 total, 12 available
 Memory: 7532M
 Large Page Support: Disabled
 NUMA Support: Disabled
 Compressed Oops: Enabled (32-bit)
 Alignments: Space 512K, Generation 512K, Heap 2M
 Heap Min Capacity: 100M
 Heap Initial Capacity: 100M
 Heap Max Capacity: 1G
 Pre-touch: Disabled
 Parallel Workers: 10

Heap:
 PSYoungGen      total 24064K, used 18550K [0x00000000eab00000, 0x00000000ec500000, 0x0000000100000000)
  eden space 22016K, 76% used [0x00000000eab00000,0x00000000ebb5d238,0x00000000ec080000)
  from space 2048K, 87% used [0x00000000ec280000,0x00000000ec440800,0x00000000ec480000)
  to   space 512K, 0% used [0x00000000ec480000,0x00000000ec480000,0x00000000ec500000)
 ParOldGen       total 68608K, used 22645K [0x00000000c0000000, 0x00000000c4300000, 0x00000000eab00000)
  object space 68608K, 33% used [0x00000000c0000000,0x00000000c161d510,0x00000000c4300000)
 Metaspace       used 46516K, committed 47552K, reserved 1114112K
  class space    used 4836K, committed 5312K, reserved 1048576K

Card table byte_map: [0x000001ce54a60000,0x000001ce54c70000] _byte_map_base: 0x000001ce54460000

Marking Bits: (ParMarkBitMap*) 0x00007ffeda786940
 Begin Bits: [0x000001ce54dd0000, 0x000001ce55dd0000)
 End Bits:   [0x000001ce55dd0000, 0x000001ce56dd0000)

Polling page: 0x000001ce414a0000

Metaspace:

Usage:
  Non-class:     40.70 MB used.
      Class:      4.72 MB used.
       Both:     45.43 MB used.

Virtual space:
  Non-class space:       64.00 MB reserved,      41.25 MB ( 64%) committed,  1 nodes.
      Class space:        1.00 GB reserved,       5.19 MB ( <1%) committed,  1 nodes.
             Both:        1.06 GB reserved,      46.44 MB (  4%) committed. 

Chunk freelists:
   Non-Class:  6.78 MB
       Class:  10.83 MB
        Both:  17.61 MB

MaxMetaspaceSize: unlimited
CompressedClassSpaceSize: 1.00 GB
Initial GC threshold: 21.00 MB
Current GC threshold: 58.38 MB
CDS: off
MetaspaceReclaimPolicy: balanced
 - commit_granule_bytes: 65536.
 - commit_granule_words: 8192.
 - virtual_space_node_default_size: 8388608.
 - enlarge_chunks_in_place: 1.
 - new_chunks_are_fully_committed: 0.
 - uncommit_free_chunks: 1.
 - use_allocation_guard: 0.
 - handle_deallocations: 1.


Internal statistics:

num_allocs_failed_limit: 6.
num_arena_births: 594.
num_arena_deaths: 42.
num_vsnodes_births: 2.
num_vsnodes_deaths: 0.
num_space_committed: 743.
num_space_uncommitted: 0.
num_chunks_returned_to_freelist: 56.
num_chunks_taken_from_freelist: 2338.
num_chunk_merges: 11.
num_chunk_splits: 1421.
num_chunks_enlarged: 831.
num_inconsistent_stats: 0.

CodeHeap 'non-profiled nmethods': size=120000Kb used=1950Kb max_used=1950Kb free=118049Kb
 bounds [0x000001ce4d350000, 0x000001ce4d5c0000, 0x000001ce54880000]
CodeHeap 'profiled nmethods': size=120000Kb used=10981Kb max_used=10981Kb free=109018Kb
 bounds [0x000001ce45880000, 0x000001ce46340000, 0x000001ce4cdb0000]
CodeHeap 'non-nmethods': size=5760Kb used=1307Kb max_used=1324Kb free=4453Kb
 bounds [0x000001ce4cdb0000, 0x000001ce4d020000, 0x000001ce4d350000]
 total_blobs=6021 nmethods=5382 adapters=552
 compilation: enabled
              stopped_count=0, restarted_count=0
 full_count=0

Compilation events (20 events):
Event: 8.874 Thread 0x000001ce5c2dca20 nmethod 5364 0x000001ce46319410 code [0x000001ce463195c0, 0x000001ce46319768]
Event: 8.874 Thread 0x000001ce5c2dca20 5365       2       lombok.launch.PatchFixesHider$Delegate::isDelegateSourceMethod (21 bytes)
Event: 8.874 Thread 0x000001ce5c2dca20 nmethod 5365 0x000001ce46319890 code [0x000001ce46319aa0, 0x000001ce46319fb8]
Event: 8.876 Thread 0x000001ce5c2dca20 5370       2       org.eclipse.jdt.internal.core.search.indexing.BinaryIndexer::replace (47 bytes)
Event: 8.876 Thread 0x000001ce5c2dca20 nmethod 5370 0x000001ce4631a310 code [0x000001ce4631a4c0, 0x000001ce4631a708]
Event: 8.876 Thread 0x000001ce5c2dca20 5371       2       org.eclipse.jdt.internal.core.search.matching.MethodPattern::createIndexKey (33 bytes)
Event: 8.876 Thread 0x000001ce5c2dca20 nmethod 5371 0x000001ce4631a890 code [0x000001ce4631aa60, 0x000001ce4631ac68]
Event: 8.876 Thread 0x000001ce5c2dca20 5372 %     3       org.eclipse.jdt.core.compiler.CharOperation::contains @ 6 (24 bytes)
Event: 8.876 Thread 0x000001ce5c2dca20 nmethod 5372% 0x000001ce4631ae10 code [0x000001ce4631afc0, 0x000001ce4631b258]
Event: 8.876 Thread 0x000001ce5c2dca20 5369       2       org.eclipse.jdt.internal.compiler.classfmt.ClassFileReader::getModifiers (55 bytes)
Event: 8.877 Thread 0x000001ce5c2dca20 nmethod 5369 0x000001ce4631b390 code [0x000001ce4631b520, 0x000001ce4631b6a8]
Event: 8.877 Thread 0x000001ce5c2dca20 5373       2       org.eclipse.jdt.internal.compiler.classfmt.InnerClassInfo::getName (78 bytes)
Event: 8.877 Thread 0x000001ce5c2dca20 nmethod 5373 0x000001ce4631b790 code [0x000001ce4631b960, 0x000001ce4631bc68]
Event: 8.877 Thread 0x000001ce5c2dca20 5374 %     3       org.eclipse.jdt.internal.compiler.util.CharDeduplication::hashCode @ 13 (37 bytes)
Event: 8.877 Thread 0x000001ce5c2dca20 nmethod 5374% 0x000001ce4631bf10 code [0x000001ce4631c0c0, 0x000001ce4631c358]
Event: 8.877 Thread 0x000001ce5c2dca20 5376       2       org.eclipse.jdt.internal.core.search.indexing.BinaryIndexer::extractArgCount (316 bytes)
Event: 8.878 Thread 0x000001ce5c2dca20 nmethod 5376 0x000001ce4631c510 code [0x000001ce4631c720, 0x000001ce4631cef8]
Event: 8.878 Thread 0x000001ce5c2dca20 5375       2       org.eclipse.jdt.internal.core.search.indexing.BinaryIndexer::extractType (42 bytes)
Event: 8.879 Thread 0x000001ce5c2dca20 nmethod 5375 0x000001ce4631d310 code [0x000001ce4631d4c0, 0x000001ce4631d788]
Event: 8.879 Thread 0x000001ce5c2dca20 5379       2       org.eclipse.jdt.internal.compiler.classfmt.MethodInfo::createMethod (710 bytes)

GC Heap History (20 events):
Event: 7.189 GC heap before
{Heap before GC invocations=10 (full 1):
 PSYoungGen      total 27136K, used 27122K [0x00000000eab00000, 0x00000000ecb00000, 0x0000000100000000)
  eden space 24064K, 100% used [0x00000000eab00000,0x00000000ec280000,0x00000000ec280000)
  from space 3072K, 99% used [0x00000000ec800000,0x00000000ecafcb88,0x00000000ecb00000)
  to   space 3584K, 0% used [0x00000000ec400000,0x00000000ec400000,0x00000000ec780000)
 ParOldGen       total 68608K, used 11599K [0x00000000c0000000, 0x00000000c4300000, 0x00000000eab00000)
  object space 68608K, 16% used [0x00000000c0000000,0x00000000c0b53f30,0x00000000c4300000)
 Metaspace       used 33264K, committed 33920K, reserved 1114112K
  class space    used 3246K, committed 3520K, reserved 1048576K
}
Event: 7.194 GC heap after
{Heap after GC invocations=10 (full 1):
 PSYoungGen      total 27136K, used 3112K [0x00000000eab00000, 0x00000000ec900000, 0x0000000100000000)
  eden space 23552K, 0% used [0x00000000eab00000,0x00000000eab00000,0x00000000ec200000)
  from space 3584K, 86% used [0x00000000ec400000,0x00000000ec70a2d0,0x00000000ec780000)
  to   space 1536K, 0% used [0x00000000ec780000,0x00000000ec780000,0x00000000ec900000)
 ParOldGen       total 68608K, used 13308K [0x00000000c0000000, 0x00000000c4300000, 0x00000000eab00000)
  object space 68608K, 19% used [0x00000000c0000000,0x00000000c0cff0f8,0x00000000c4300000)
 Metaspace       used 33264K, committed 33920K, reserved 1114112K
  class space    used 3246K, committed 3520K, reserved 1048576K
}
Event: 7.432 GC heap before
{Heap before GC invocations=11 (full 1):
 PSYoungGen      total 27136K, used 25977K [0x00000000eab00000, 0x00000000ec900000, 0x0000000100000000)
  eden space 23552K, 97% used [0x00000000eab00000,0x00000000ec154428,0x00000000ec200000)
  from space 3584K, 86% used [0x00000000ec400000,0x00000000ec70a2d0,0x00000000ec780000)
  to   space 1536K, 0% used [0x00000000ec780000,0x00000000ec780000,0x00000000ec900000)
 ParOldGen       total 68608K, used 13308K [0x00000000c0000000, 0x00000000c4300000, 0x00000000eab00000)
  object space 68608K, 19% used [0x00000000c0000000,0x00000000c0cff0f8,0x00000000c4300000)
 Metaspace       used 35032K, committed 35840K, reserved 1114112K
  class space    used 3426K, committed 3776K, reserved 1048576K
}
Event: 7.436 GC heap after
{Heap after GC invocations=11 (full 1):
 PSYoungGen      total 25088K, used 1507K [0x00000000eab00000, 0x00000000eca00000, 0x0000000100000000)
  eden space 23552K, 0% used [0x00000000eab00000,0x00000000eab00000,0x00000000ec200000)
  from space 1536K, 98% used [0x00000000ec780000,0x00000000ec8f8e70,0x00000000ec900000)
  to   space 4096K, 0% used [0x00000000ec200000,0x00000000ec200000,0x00000000ec600000)
 ParOldGen       total 68608K, used 15669K [0x00000000c0000000, 0x00000000c4300000, 0x00000000eab00000)
  object space 68608K, 22% used [0x00000000c0000000,0x00000000c0f4d760,0x00000000c4300000)
 Metaspace       used 35032K, committed 35840K, reserved 1114112K
  class space    used 3426K, committed 3776K, reserved 1048576K
}
Event: 7.436 GC heap before
{Heap before GC invocations=12 (full 2):
 PSYoungGen      total 25088K, used 1507K [0x00000000eab00000, 0x00000000eca00000, 0x0000000100000000)
  eden space 23552K, 0% used [0x00000000eab00000,0x00000000eab00000,0x00000000ec200000)
  from space 1536K, 98% used [0x00000000ec780000,0x00000000ec8f8e70,0x00000000ec900000)
  to   space 4096K, 0% used [0x00000000ec200000,0x00000000ec200000,0x00000000ec600000)
 ParOldGen       total 68608K, used 15669K [0x00000000c0000000, 0x00000000c4300000, 0x00000000eab00000)
  object space 68608K, 22% used [0x00000000c0000000,0x00000000c0f4d760,0x00000000c4300000)
 Metaspace       used 35032K, committed 35840K, reserved 1114112K
  class space    used 3426K, committed 3776K, reserved 1048576K
}
Event: 7.485 GC heap after
{Heap after GC invocations=12 (full 2):
 PSYoungGen      total 25088K, used 0K [0x00000000eab00000, 0x00000000eca00000, 0x0000000100000000)
  eden space 23552K, 0% used [0x00000000eab00000,0x00000000eab00000,0x00000000ec200000)
  from space 1536K, 0% used [0x00000000ec780000,0x00000000ec780000,0x00000000ec900000)
  to   space 4096K, 0% used [0x00000000ec200000,0x00000000ec200000,0x00000000ec600000)
 ParOldGen       total 68608K, used 15110K [0x00000000c0000000, 0x00000000c4300000, 0x00000000eab00000)
  object space 68608K, 22% used [0x00000000c0000000,0x00000000c0ec1b08,0x00000000c4300000)
 Metaspace       used 34993K, committed 35840K, reserved 1114112K
  class space    used 3416K, committed 3776K, reserved 1048576K
}
Event: 7.776 GC heap before
{Heap before GC invocations=13 (full 2):
 PSYoungGen      total 25088K, used 23552K [0x00000000eab00000, 0x00000000eca00000, 0x0000000100000000)
  eden space 23552K, 100% used [0x00000000eab00000,0x00000000ec200000,0x00000000ec200000)
  from space 1536K, 0% used [0x00000000ec780000,0x00000000ec780000,0x00000000ec900000)
  to   space 4096K, 0% used [0x00000000ec200000,0x00000000ec200000,0x00000000ec600000)
 ParOldGen       total 68608K, used 15110K [0x00000000c0000000, 0x00000000c4300000, 0x00000000eab00000)
  object space 68608K, 22% used [0x00000000c0000000,0x00000000c0ec1b08,0x00000000c4300000)
 Metaspace       used 38524K, committed 39296K, reserved 1114112K
  class space    used 3887K, committed 4224K, reserved 1048576K
}
Event: 7.778 GC heap after
{Heap after GC invocations=13 (full 2):
 PSYoungGen      total 27136K, used 970K [0x00000000eab00000, 0x00000000ec800000, 0x0000000100000000)
  eden space 23040K, 0% used [0x00000000eab00000,0x00000000eab00000,0x00000000ec180000)
  from space 4096K, 23% used [0x00000000ec200000,0x00000000ec2f28e0,0x00000000ec600000)
  to   space 2048K, 0% used [0x00000000ec600000,0x00000000ec600000,0x00000000ec800000)
 ParOldGen       total 68608K, used 15118K [0x00000000c0000000, 0x00000000c4300000, 0x00000000eab00000)
  object space 68608K, 22% used [0x00000000c0000000,0x00000000c0ec3b08,0x00000000c4300000)
 Metaspace       used 38524K, committed 39296K, reserved 1114112K
  class space    used 3887K, committed 4224K, reserved 1048576K
}
Event: 8.059 GC heap before
{Heap before GC invocations=14 (full 2):
 PSYoungGen      total 27136K, used 23338K [0x00000000eab00000, 0x00000000ec800000, 0x0000000100000000)
  eden space 23040K, 97% used [0x00000000eab00000,0x00000000ec0d7f78,0x00000000ec180000)
  from space 4096K, 23% used [0x00000000ec200000,0x00000000ec2f28e0,0x00000000ec600000)
  to   space 2048K, 0% used [0x00000000ec600000,0x00000000ec600000,0x00000000ec800000)
 ParOldGen       total 68608K, used 15118K [0x00000000c0000000, 0x00000000c4300000, 0x00000000eab00000)
  object space 68608K, 22% used [0x00000000c0000000,0x00000000c0ec3b08,0x00000000c4300000)
 Metaspace       used 41151K, committed 42048K, reserved 1114112K
  class space    used 4197K, committed 4608K, reserved 1048576K
}
Event: 8.061 GC heap after
{Heap after GC invocations=14 (full 2):
 PSYoungGen      total 24064K, used 1302K [0x00000000eab00000, 0x00000000ec780000, 0x0000000100000000)
  eden space 22528K, 0% used [0x00000000eab00000,0x00000000eab00000,0x00000000ec100000)
  from space 1536K, 84% used [0x00000000ec600000,0x00000000ec745a60,0x00000000ec780000)
  to   space 1536K, 0% used [0x00000000ec480000,0x00000000ec480000,0x00000000ec600000)
 ParOldGen       total 68608K, used 15930K [0x00000000c0000000, 0x00000000c4300000, 0x00000000eab00000)
  object space 68608K, 23% used [0x00000000c0000000,0x00000000c0f8ebd0,0x00000000c4300000)
 Metaspace       used 41151K, committed 42048K, reserved 1114112K
  class space    used 4197K, committed 4608K, reserved 1048576K
}
Event: 8.280 GC heap before
{Heap before GC invocations=15 (full 2):
 PSYoungGen      total 24064K, used 23830K [0x00000000eab00000, 0x00000000ec780000, 0x0000000100000000)
  eden space 22528K, 100% used [0x00000000eab00000,0x00000000ec100000,0x00000000ec100000)
  from space 1536K, 84% used [0x00000000ec600000,0x00000000ec745a60,0x00000000ec780000)
  to   space 1536K, 0% used [0x00000000ec480000,0x00000000ec480000,0x00000000ec600000)
 ParOldGen       total 68608K, used 15930K [0x00000000c0000000, 0x00000000c4300000, 0x00000000eab00000)
  object space 68608K, 23% used [0x00000000c0000000,0x00000000c0f8ebf0,0x00000000c4300000)
 Metaspace       used 43083K, committed 44032K, reserved 1114112K
  class space    used 4449K, committed 4864K, reserved 1048576K
}
Event: 8.283 GC heap after
{Heap after GC invocations=15 (full 2):
 PSYoungGen      total 24064K, used 1517K [0x00000000eab00000, 0x00000000ec700000, 0x0000000100000000)
  eden space 22528K, 0% used [0x00000000eab00000,0x00000000eab00000,0x00000000ec100000)
  from space 1536K, 98% used [0x00000000ec480000,0x00000000ec5fb510,0x00000000ec600000)
  to   space 1024K, 0% used [0x00000000ec600000,0x00000000ec600000,0x00000000ec700000)
 ParOldGen       total 68608K, used 17119K [0x00000000c0000000, 0x00000000c4300000, 0x00000000eab00000)
  object space 68608K, 24% used [0x00000000c0000000,0x00000000c10b7f40,0x00000000c4300000)
 Metaspace       used 43083K, committed 44032K, reserved 1114112K
  class space    used 4449K, committed 4864K, reserved 1048576K
}
Event: 8.485 GC heap before
{Heap before GC invocations=16 (full 2):
 PSYoungGen      total 24064K, used 24045K [0x00000000eab00000, 0x00000000ec700000, 0x0000000100000000)
  eden space 22528K, 100% used [0x00000000eab00000,0x00000000ec100000,0x00000000ec100000)
  from space 1536K, 98% used [0x00000000ec480000,0x00000000ec5fb510,0x00000000ec600000)
  to   space 1024K, 0% used [0x00000000ec600000,0x00000000ec600000,0x00000000ec700000)
 ParOldGen       total 68608K, used 17122K [0x00000000c0000000, 0x00000000c4300000, 0x00000000eab00000)
  object space 68608K, 24% used [0x00000000c0000000,0x00000000c10b8ad0,0x00000000c4300000)
 Metaspace       used 44414K, committed 45440K, reserved 1114112K
  class space    used 4584K, committed 5056K, reserved 1048576K
}
Event: 8.490 GC heap after
{Heap after GC invocations=16 (full 2):
 PSYoungGen      total 23040K, used 992K [0x00000000eab00000, 0x00000000ec780000, 0x0000000100000000)
  eden space 22016K, 0% used [0x00000000eab00000,0x00000000eab00000,0x00000000ec080000)
  from space 1024K, 96% used [0x00000000ec600000,0x00000000ec6f8050,0x00000000ec700000)
  to   space 3584K, 0% used [0x00000000ec080000,0x00000000ec080000,0x00000000ec400000)
 ParOldGen       total 68608K, used 19461K [0x00000000c0000000, 0x00000000c4300000, 0x00000000eab00000)
  object space 68608K, 28% used [0x00000000c0000000,0x00000000c13015c8,0x00000000c4300000)
 Metaspace       used 44414K, committed 45440K, reserved 1114112K
  class space    used 4584K, committed 5056K, reserved 1048576K
}
Event: 8.623 GC heap before
{Heap before GC invocations=17 (full 2):
 PSYoungGen      total 23040K, used 23008K [0x00000000eab00000, 0x00000000ec780000, 0x0000000100000000)
  eden space 22016K, 100% used [0x00000000eab00000,0x00000000ec080000,0x00000000ec080000)
  from space 1024K, 96% used [0x00000000ec600000,0x00000000ec6f8050,0x00000000ec700000)
  to   space 3584K, 0% used [0x00000000ec080000,0x00000000ec080000,0x00000000ec400000)
 ParOldGen       total 68608K, used 19461K [0x00000000c0000000, 0x00000000c4300000, 0x00000000eab00000)
  object space 68608K, 28% used [0x00000000c0000000,0x00000000c13015c8,0x00000000c4300000)
 Metaspace       used 44951K, committed 45952K, reserved 1114112K
  class space    used 4661K, committed 5120K, reserved 1048576K
}
Event: 8.625 GC heap after
{Heap after GC invocations=17 (full 2):
 PSYoungGen      total 25600K, used 1088K [0x00000000eab00000, 0x00000000ec680000, 0x0000000100000000)
  eden space 22016K, 0% used [0x00000000eab00000,0x00000000eab00000,0x00000000ec080000)
  from space 3584K, 30% used [0x00000000ec080000,0x00000000ec190118,0x00000000ec400000)
  to   space 2048K, 0% used [0x00000000ec480000,0x00000000ec480000,0x00000000ec680000)
 ParOldGen       total 68608K, used 20317K [0x00000000c0000000, 0x00000000c4300000, 0x00000000eab00000)
  object space 68608K, 29% used [0x00000000c0000000,0x00000000c13d7500,0x00000000c4300000)
 Metaspace       used 44951K, committed 45952K, reserved 1114112K
  class space    used 4661K, committed 5120K, reserved 1048576K
}
Event: 8.730 GC heap before
{Heap before GC invocations=18 (full 2):
 PSYoungGen      total 25600K, used 23104K [0x00000000eab00000, 0x00000000ec680000, 0x0000000100000000)
  eden space 22016K, 100% used [0x00000000eab00000,0x00000000ec080000,0x00000000ec080000)
  from space 3584K, 30% used [0x00000000ec080000,0x00000000ec190118,0x00000000ec400000)
  to   space 2048K, 0% used [0x00000000ec480000,0x00000000ec480000,0x00000000ec680000)
 ParOldGen       total 68608K, used 20317K [0x00000000c0000000, 0x00000000c4300000, 0x00000000eab00000)
  object space 68608K, 29% used [0x00000000c0000000,0x00000000c13d7500,0x00000000c4300000)
 Metaspace       used 45596K, committed 46592K, reserved 1114112K
  class space    used 4726K, committed 5184K, reserved 1048576K
}
Event: 8.733 GC heap after
{Heap after GC invocations=18 (full 2):
 PSYoungGen      total 24064K, used 1832K [0x00000000eab00000, 0x00000000ec680000, 0x0000000100000000)
  eden space 22016K, 0% used [0x00000000eab00000,0x00000000eab00000,0x00000000ec080000)
  from space 2048K, 89% used [0x00000000ec480000,0x00000000ec64a2e8,0x00000000ec680000)
  to   space 2048K, 0% used [0x00000000ec280000,0x00000000ec280000,0x00000000ec480000)
 ParOldGen       total 68608K, used 21165K [0x00000000c0000000, 0x00000000c4300000, 0x00000000eab00000)
  object space 68608K, 30% used [0x00000000c0000000,0x00000000c14ab500,0x00000000c4300000)
 Metaspace       used 45596K, committed 46592K, reserved 1114112K
  class space    used 4726K, committed 5184K, reserved 1048576K
}
Event: 8.829 GC heap before
{Heap before GC invocations=19 (full 2):
 PSYoungGen      total 24064K, used 23848K [0x00000000eab00000, 0x00000000ec680000, 0x0000000100000000)
  eden space 22016K, 100% used [0x00000000eab00000,0x00000000ec080000,0x00000000ec080000)
  from space 2048K, 89% used [0x00000000ec480000,0x00000000ec64a2e8,0x00000000ec680000)
  to   space 2048K, 0% used [0x00000000ec280000,0x00000000ec280000,0x00000000ec480000)
 ParOldGen       total 68608K, used 21165K [0x00000000c0000000, 0x00000000c4300000, 0x00000000eab00000)
  object space 68608K, 30% used [0x00000000c0000000,0x00000000c14ab500,0x00000000c4300000)
 Metaspace       used 46169K, committed 47104K, reserved 1114112K
  class space    used 4792K, committed 5248K, reserved 1048576K
}
Event: 8.833 GC heap after
{Heap after GC invocations=19 (full 2):
 PSYoungGen      total 24064K, used 1794K [0x00000000eab00000, 0x00000000ec500000, 0x0000000100000000)
  eden space 22016K, 0% used [0x00000000eab00000,0x00000000eab00000,0x00000000ec080000)
  from space 2048K, 87% used [0x00000000ec280000,0x00000000ec440800,0x00000000ec480000)
  to   space 512K, 0% used [0x00000000ec480000,0x00000000ec480000,0x00000000ec500000)
 ParOldGen       total 68608K, used 22645K [0x00000000c0000000, 0x00000000c4300000, 0x00000000eab00000)
  object space 68608K, 33% used [0x00000000c0000000,0x00000000c161d510,0x00000000c4300000)
 Metaspace       used 46169K, committed 47104K, reserved 1114112K
  class space    used 4792K, committed 5248K, reserved 1048576K
}

Dll operation events (10 events):
Event: 0.014 Loaded shared library c:\Users\ADMIN\.vscode\extensions\redhat.java-1.36.0-win32-x64\jre\17.0.13-win32-x86_64\bin\java.dll
Event: 0.202 Loaded shared library c:\Users\ADMIN\.vscode\extensions\redhat.java-1.36.0-win32-x64\jre\17.0.13-win32-x86_64\bin\zip.dll
Event: 0.206 Loaded shared library C:\Users\ADMIN\.vscode\extensions\redhat.java-1.36.0-win32-x64\jre\17.0.13-win32-x86_64\bin\instrument.dll
Event: 0.223 Loaded shared library C:\Users\ADMIN\.vscode\extensions\redhat.java-1.36.0-win32-x64\jre\17.0.13-win32-x86_64\bin\net.dll
Event: 0.227 Loaded shared library C:\Users\ADMIN\.vscode\extensions\redhat.java-1.36.0-win32-x64\jre\17.0.13-win32-x86_64\bin\nio.dll
Event: 0.237 Loaded shared library C:\Users\ADMIN\.vscode\extensions\redhat.java-1.36.0-win32-x64\jre\17.0.13-win32-x86_64\bin\zip.dll
Event: 0.262 Loaded shared library C:\Users\ADMIN\.vscode\extensions\redhat.java-1.36.0-win32-x64\jre\17.0.13-win32-x86_64\bin\jimage.dll
Event: 0.356 Loaded shared library c:\Users\ADMIN\.vscode\extensions\redhat.java-1.36.0-win32-x64\jre\17.0.13-win32-x86_64\bin\verify.dll
Event: 1.699 Loaded shared library C:\Users\ADMIN\AppData\Roaming\Code\User\globalStorage\redhat.java\1.36.0\config_win\org.eclipse.equinox.launcher\org.eclipse.equinox.launcher.win32.win32.x86_64_1.2.1100.v20240722-2106\eclipse_11904.dll
Event: 4.992 Loaded shared library C:\Users\ADMIN\AppData\Local\Temp\jna-62130991\jna9678136458343538015.dll

Deoptimization events (20 events):
Event: 8.419 Thread 0x000001ce5e5967e0 Uncommon trap: trap_request=0xffffffde fr.pc=0x000001ce4d426224 relative=0x0000000000000504
Event: 8.419 Thread 0x000001ce5e5967e0 Uncommon trap: reason=class_check action=maybe_recompile pc=0x000001ce4d426224 method=java.util.ImmutableCollections$MapN.probe(Ljava/lang/Object;)I @ 1 c2
Event: 8.419 Thread 0x000001ce5e5967e0 DEOPT PACKING pc=0x000001ce4d426224 sp=0x000000b25fafd7f0
Event: 8.419 Thread 0x000001ce5e5967e0 DEOPT UNPACKING pc=0x000001ce4ce066a3 sp=0x000000b25fafd7a0 mode 2
Event: 8.472 Thread 0x000001ce5e5967e0 Uncommon trap: trap_request=0xffffffde fr.pc=0x000001ce4d430200 relative=0x0000000000000540
Event: 8.472 Thread 0x000001ce5e5967e0 Uncommon trap: reason=class_check action=maybe_recompile pc=0x000001ce4d430200 method=java.util.ImmutableCollections$MapN.probe(Ljava/lang/Object;)I @ 1 c2
Event: 8.472 Thread 0x000001ce5e5967e0 DEOPT PACKING pc=0x000001ce4d430200 sp=0x000000b25fafdaf0
Event: 8.472 Thread 0x000001ce5e5967e0 DEOPT UNPACKING pc=0x000001ce4ce066a3 sp=0x000000b25fafda30 mode 2
Event: 8.483 Thread 0x000001ce5e596cf0 DEOPT PACKING pc=0x000001ce461a2e3b sp=0x000000b25f8fde30
Event: 8.483 Thread 0x000001ce5e596cf0 DEOPT UNPACKING pc=0x000001ce4ce06e43 sp=0x000000b25f8fd2a0 mode 0
Event: 8.508 Thread 0x000001ce413eed40 Uncommon trap: trap_request=0xffffff45 fr.pc=0x000001ce4d45dabc relative=0x000000000000057c
Event: 8.508 Thread 0x000001ce413eed40 Uncommon trap: reason=unstable_if action=reinterpret pc=0x000001ce4d45dabc method=java.lang.AbstractStringBuilder.<init>(Ljava/lang/String;)V @ 40 c2
Event: 8.508 Thread 0x000001ce413eed40 DEOPT PACKING pc=0x000001ce4d45dabc sp=0x000000b25d6fdfe0
Event: 8.508 Thread 0x000001ce413eed40 DEOPT UNPACKING pc=0x000001ce4ce066a3 sp=0x000000b25d6fdfb0 mode 2
Event: 8.823 Thread 0x000001ce5e593540 DEOPT PACKING pc=0x000001ce462ed6a4 sp=0x000000b25fbfe490
Event: 8.823 Thread 0x000001ce5e593540 DEOPT UNPACKING pc=0x000001ce4ce06e43 sp=0x000000b25fbfd908 mode 0
Event: 8.852 Thread 0x000001ce5e593540 DEOPT PACKING pc=0x000001ce462adccc sp=0x000000b25fbfe7f0
Event: 8.852 Thread 0x000001ce5e593540 DEOPT UNPACKING pc=0x000001ce4ce06e43 sp=0x000000b25fbfdc78 mode 0
Event: 8.879 Thread 0x000001ce5e593540 DEOPT PACKING pc=0x000001ce463052f2 sp=0x000000b25fbfe7c0
Event: 8.879 Thread 0x000001ce5e593540 DEOPT UNPACKING pc=0x000001ce4ce06e43 sp=0x000000b25fbfdc50 mode 0

Classes loaded (20 events):
Event: 8.374 Loading class java/time/format/Parsed
Event: 8.374 Loading class java/util/regex/Pattern$BackRef
Event: 8.374 Loading class java/util/regex/Pattern$BackRef done
Event: 8.375 Loading class java/time/format/Parsed done
Event: 8.434 Loading class java/nio/channels/Channels$ReadableByteChannelImpl
Event: 8.435 Loading class java/nio/channels/Channels$ReadableByteChannelImpl done
Event: 8.436 Loading class java/nio/channels/NonWritableChannelException
Event: 8.436 Loading class java/nio/channels/NonWritableChannelException done
Event: 8.492 Loading class java/lang/invoke/BoundMethodHandle$Species_LLLLLLLLLL
Event: 8.493 Loading class java/lang/invoke/BoundMethodHandle$Species_LLLLLLLLLL done
Event: 8.496 Loading class java/lang/invoke/BoundMethodHandle$Species_LLLLLLLLLLL
Event: 8.496 Loading class java/lang/invoke/BoundMethodHandle$Species_LLLLLLLLLLL done
Event: 8.500 Loading class java/lang/invoke/BoundMethodHandle$Species_LLLLLLLLLLLL
Event: 8.501 Loading class java/lang/invoke/BoundMethodHandle$Species_LLLLLLLLLLLL done
Event: 8.505 Loading class java/lang/invoke/BoundMethodHandle$Species_LLLLLLLLLLLLL
Event: 8.505 Loading class java/lang/invoke/BoundMethodHandle$Species_LLLLLLLLLLLLL done
Event: 8.842 Loading class sun/reflect/annotation/AnnotatedTypeFactory$AnnotatedParameterizedTypeImpl
Event: 8.842 Loading class java/lang/reflect/AnnotatedParameterizedType
Event: 8.843 Loading class java/lang/reflect/AnnotatedParameterizedType done
Event: 8.843 Loading class sun/reflect/annotation/AnnotatedTypeFactory$AnnotatedParameterizedTypeImpl done

Classes unloaded (20 events):
Event: 7.440 Thread 0x000001ce4149ec50 Unloading class 0x0000000100394400 'java/lang/invoke/LambdaForm$MH+0x0000000100394400'
Event: 7.440 Thread 0x000001ce4149ec50 Unloading class 0x0000000100393c00 'java/lang/invoke/LambdaForm$MH+0x0000000100393c00'
Event: 7.440 Thread 0x000001ce4149ec50 Unloading class 0x0000000100393400 'java/lang/invoke/LambdaForm$MH+0x0000000100393400'
Event: 7.440 Thread 0x000001ce4149ec50 Unloading class 0x0000000100393000 'java/lang/invoke/LambdaForm$DMH+0x0000000100393000'
Event: 7.440 Thread 0x000001ce4149ec50 Unloading class 0x0000000100392400 'java/lang/invoke/LambdaForm$MH+0x0000000100392400'
Event: 7.440 Thread 0x000001ce4149ec50 Unloading class 0x0000000100391c00 'java/lang/invoke/LambdaForm$MH+0x0000000100391c00'
Event: 7.440 Thread 0x000001ce4149ec50 Unloading class 0x000000010038dc00 'java/lang/invoke/LambdaForm$MH+0x000000010038dc00'
Event: 7.440 Thread 0x000001ce4149ec50 Unloading class 0x000000010038d800 'java/lang/invoke/LambdaForm$MH+0x000000010038d800'
Event: 7.440 Thread 0x000001ce4149ec50 Unloading class 0x000000010038cc00 'java/lang/invoke/LambdaForm$MH+0x000000010038cc00'
Event: 7.440 Thread 0x000001ce4149ec50 Unloading class 0x000000010038c400 'java/lang/invoke/LambdaForm$MH+0x000000010038c400'
Event: 7.440 Thread 0x000001ce4149ec50 Unloading class 0x000000010038bc00 'java/lang/invoke/LambdaForm$MH+0x000000010038bc00'
Event: 7.440 Thread 0x000001ce4149ec50 Unloading class 0x000000010038b800 'java/lang/invoke/LambdaForm$MH+0x000000010038b800'
Event: 7.440 Thread 0x000001ce4149ec50 Unloading class 0x000000010038ac00 'java/lang/invoke/LambdaForm$MH+0x000000010038ac00'
Event: 7.440 Thread 0x000001ce4149ec50 Unloading class 0x0000000100252000 'java/lang/invoke/LambdaForm$MH+0x0000000100252000'
Event: 7.440 Thread 0x000001ce4149ec50 Unloading class 0x0000000100251c00 'java/lang/invoke/LambdaForm$MH+0x0000000100251c00'
Event: 7.440 Thread 0x000001ce4149ec50 Unloading class 0x0000000100251800 'java/lang/invoke/LambdaForm$MH+0x0000000100251800'
Event: 7.440 Thread 0x000001ce4149ec50 Unloading class 0x0000000100251400 'java/lang/invoke/LambdaForm$MH+0x0000000100251400'
Event: 7.440 Thread 0x000001ce4149ec50 Unloading class 0x0000000100251000 'java/lang/invoke/LambdaForm$BMH+0x0000000100251000'
Event: 7.440 Thread 0x000001ce4149ec50 Unloading class 0x0000000100250c00 'java/lang/invoke/LambdaForm$DMH+0x0000000100250c00'
Event: 7.440 Thread 0x000001ce4149ec50 Unloading class 0x000000010024c400 'java/lang/invoke/LambdaForm$DMH+0x000000010024c400'

Classes redefined (0 events):
No events

Internal exceptions (20 events):
Event: 7.953 Thread 0x000001ce5e5967e0 Exception <a 'sun/nio/fs/WindowsException'{0x00000000eb7e6e40}> (0x00000000eb7e6e40) 
thrown [s\src\hotspot\share\prims\jni.cpp, line 516]
Event: 7.953 Thread 0x000001ce5e5967e0 Exception <a 'sun/nio/fs/WindowsException'{0x00000000eb7e77d8}> (0x00000000eb7e77d8) 
thrown [s\src\hotspot\share\prims\jni.cpp, line 516]
Event: 7.953 Thread 0x000001ce5e5967e0 Exception <a 'sun/nio/fs/WindowsException'{0x00000000eb7e7e10}> (0x00000000eb7e7e10) 
thrown [s\src\hotspot\share\prims\jni.cpp, line 516]
Event: 7.954 Thread 0x000001ce5e5967e0 Exception <a 'sun/nio/fs/WindowsException'{0x00000000eb7e9550}> (0x00000000eb7e9550) 
thrown [s\src\hotspot\share\prims\jni.cpp, line 516]
Event: 7.954 Thread 0x000001ce5e5967e0 Exception <a 'sun/nio/fs/WindowsException'{0x00000000eb7e9b88}> (0x00000000eb7e9b88) 
thrown [s\src\hotspot\share\prims\jni.cpp, line 516]
Event: 7.956 Thread 0x000001ce5e5967e0 Exception <a 'java/lang/NoSuchMethodError'{0x00000000eb831528}: 'void java.lang.invoke.DirectMethodHandle$Holder.invokeVirtual(java.lang.Object, java.lang.Object, java.lang.Object, java.lang.Object)'> (0x00000000eb831528) 
thrown [s\src\hotspot\share\interpreter\linkResolver.cpp, line 759]
Event: 7.972 Thread 0x000001ce5e596cf0 Exception <a 'java/lang/NoClassDefFoundError'{0x00000000eb9201d0}: javax/enterprise/inject/Typed> (0x00000000eb9201d0) 
thrown [s\src\hotspot\share\classfile\systemDictionary.cpp, line 245]
Event: 7.976 Thread 0x000001ce5e5967e0 Exception <a 'java/io/FileNotFoundException'{0x00000000eb9649a0}> (0x00000000eb9649a0) 
thrown [s\src\hotspot\share\prims\jni.cpp, line 516]
Event: 7.996 Thread 0x000001ce5e5967e0 Exception <a 'sun/nio/fs/WindowsException'{0x00000000eba1b4b0}> (0x00000000eba1b4b0) 
thrown [s\src\hotspot\share\prims\jni.cpp, line 516]
Event: 8.174 Thread 0x000001ce5e5967e0 Exception <a 'java/lang/NoSuchMethodError'{0x00000000eb8d61d0}: 'java.lang.Object java.lang.invoke.Invokers$Holder.invoke_MT(java.lang.Object, java.lang.Object, java.lang.Object)'> (0x00000000eb8d61d0) 
thrown [s\src\hotspot\share\interpreter\linkResolver.cpp, line 759]
Event: 8.247 Thread 0x000001ce413eed40 Exception <a 'java/lang/NoSuchMethodError'{0x00000000ec018ed8}: 'void java.lang.invoke.DirectMethodHandle$Holder.invokeSpecial(java.lang.Object, java.lang.Object, java.lang.Object, java.lang.Object, java.lang.Object, java.lang.Object)'> (0x00000000ec018ed8) 
thrown [s\src\hotspot\share\interpreter\linkResolver.cpp, line 759]
Event: 8.250 Thread 0x000001ce413eed40 Exception <a 'java/lang/IncompatibleClassChangeError'{0x00000000ec050f38}: Found class java.lang.Object, but interface was expected> (0x00000000ec050f38) 
thrown [s\src\hotspot\share\interpreter\linkResolver.cpp, line 826]
Event: 8.361 Thread 0x000001ce5e5967e0 Exception <a 'java/lang/NoSuchMethodError'{0x00000000eb1d0810}: 'java.lang.Object java.lang.invoke.DirectMethodHandle$Holder.invokeSpecial(java.lang.Object, java.lang.Object, java.lang.Object, java.lang.Object, java.lang.Object, java.lang.Object, java.lang.Object, java.lang.Object, java.lang.Object, java.lang.Object)'> (0x00000000eb1d0810) 
thrown [s\src\hotspot\share\interpreter\linkResolver.cpp, line 759]
Event: 8.362 Thread 0x000001ce5e5967e0 Exception <a 'java/lang/NoSuchMethodError'{0x00000000eb1d5320}: 'java.lang.Object java.lang.invoke.Invokers$Holder.invoke_MT(java.lang.Object, java.lang.Object, java.lang.Object, java.lang.Object, java.lang.Object, java.lang.Object, java.lang.Object, java.lang.Object, java.lang.Object, java.lang.Object)'> (0x00000000eb1d5320) 
thrown [s\src\hotspot\share\interpreter\linkResolver.cpp, line 759]
Event: 8.554 Thread 0x000001ce5e593540 Exception <a 'java/io/FileNotFoundException'{0x00000000eb377340}> (0x00000000eb377340) 
thrown [s\src\hotspot\share\prims\jni.cpp, line 516]
Event: 8.556 Thread 0x000001ce5e593540 Exception <a 'java/io/FileNotFoundException'{0x00000000eb3785a8}> (0x00000000eb3785a8) 
thrown [s\src\hotspot\share\prims\jni.cpp, line 516]
Event: 8.562 Thread 0x000001ce5e593540 Exception <a 'java/lang/NoSuchMethodError'{0x00000000eb53d530}: 'java.lang.Object java.lang.invoke.DirectMethodHandle$Holder.newInvokeSpecial(java.lang.Object, java.lang.Object, java.lang.Object, int)'> (0x00000000eb53d530) 
thrown [s\src\hotspot\share\interpreter\linkResolver.cpp, line 759]
Event: 8.562 Thread 0x000001ce5e593540 Exception <a 'java/lang/NoSuchMethodError'{0x00000000eb541638}: 'java.lang.Object java.lang.invoke.DirectMethodHandle$Holder.invokeSpecial(java.lang.Object, java.lang.Object, java.lang.Object, java.lang.Object, int)'> (0x00000000eb541638) 
thrown [s\src\hotspot\share\interpreter\linkResolver.cpp, line 759]
Event: 8.563 Thread 0x000001ce5e593540 Exception <a 'java/lang/NoSuchMethodError'{0x00000000eb57c850}: 'java.lang.Object java.lang.invoke.Invokers$Holder.linkToTargetMethod(java.lang.Object, java.lang.Object, int, java.lang.Object)'> (0x00000000eb57c850) 
thrown [s\src\hotspot\share\interpreter\linkResolver.cpp, line 759]
Event: 8.566 Thread 0x000001ce5e593540 Exception <a 'java/lang/NoSuchMethodError'{0x00000000eb600568}: 'void java.lang.invoke.DirectMethodHandle$Holder.invokeStaticInit(java.lang.Object, java.lang.Object, java.lang.Object)'> (0x00000000eb600568) 
thrown [s\src\hotspot\share\interpreter\linkResolver.cpp, line 759]

VM Operations (20 events):
Event: 8.142 Executing VM operation: HandshakeAllThreads
Event: 8.143 Executing VM operation: HandshakeAllThreads done
Event: 8.199 Executing VM operation: HandshakeAllThreads
Event: 8.199 Executing VM operation: HandshakeAllThreads done
Event: 8.200 Executing VM operation: HandshakeAllThreads
Event: 8.201 Executing VM operation: HandshakeAllThreads done
Event: 8.253 Executing VM operation: ParallelGCFailedAllocation
Event: 8.280 Executing VM operation: ParallelGCFailedAllocation done
Event: 8.280 Executing VM operation: ParallelGCSystemGC
Event: 8.283 Executing VM operation: ParallelGCSystemGC done
Event: 8.302 Executing VM operation: HandshakeAllThreads
Event: 8.302 Executing VM operation: HandshakeAllThreads done
Event: 8.485 Executing VM operation: ParallelGCFailedAllocation
Event: 8.490 Executing VM operation: ParallelGCFailedAllocation done
Event: 8.623 Executing VM operation: ParallelGCFailedAllocation
Event: 8.625 Executing VM operation: ParallelGCFailedAllocation done
Event: 8.730 Executing VM operation: ParallelGCFailedAllocation
Event: 8.733 Executing VM operation: ParallelGCFailedAllocation done
Event: 8.828 Executing VM operation: ParallelGCFailedAllocation
Event: 8.833 Executing VM operation: ParallelGCFailedAllocation done

Memory protections (0 events):
No events

Nmethod flushes (0 events):
No events

Events (20 events):
Event: 7.371 Thread 0x000001ce5e594470 Thread added: 0x000001ce5e5967e0
Event: 7.409 Thread 0x000001ce5e173e90 Thread added: 0x000001ce5e593540
Event: 7.410 Thread 0x000001ce5e5967e0 Thread added: 0x000001ce5e593a50
Event: 7.938 Thread 0x000001ce413eed40 Thread added: 0x000001ce5e593f60
Event: 7.939 Thread 0x000001ce413eed40 Thread added: 0x000001ce5e594e90
Event: 7.939 Thread 0x000001ce413eed40 Thread added: 0x000001ce5fcbf630
Event: 7.939 Thread 0x000001ce413eed40 Thread added: 0x000001ce5fcbd7d0
Event: 7.939 Thread 0x000001ce413eed40 Thread added: 0x000001ce5fcbdce0
Event: 7.939 Thread 0x000001ce413eed40 Thread added: 0x000001ce5fcbe1f0
Event: 7.939 Thread 0x000001ce413eed40 Thread added: 0x000001ce5fcbc8a0
Event: 7.939 Thread 0x000001ce413eed40 Thread added: 0x000001ce5fcc0a70
Event: 7.939 Thread 0x000001ce413eed40 Thread added: 0x000001ce5fcbbe80
Event: 7.940 Thread 0x000001ce413eed40 Thread added: 0x000001ce5fcbe700
Event: 7.940 Thread 0x000001ce413eed40 Thread added: 0x000001ce5fcbec10
Event: 7.940 Thread 0x000001ce413eed40 Thread added: 0x000001ce5fcc1eb0
Event: 7.940 Thread 0x000001ce413eed40 Thread added: 0x000001ce5fcbf120
Event: 7.991 Thread 0x000001ce413eed40 Thread added: 0x000001ce5fcbcdb0
Event: 8.035 Thread 0x000001ce5e593a50 Thread added: 0x000001ce5fcbd2c0
Event: 8.316 Thread 0x000001ce413eed40 Thread added: 0x000001ce5fcc28d0
Event: 8.316 Thread 0x000001ce413eed40 Thread added: 0x000001ce5fcbfb40


Dynamic libraries:
0x00007ff647140000 - 0x00007ff64714e000 	c:\Users\ADMIN\.vscode\extensions\redhat.java-1.36.0-win32-x64\jre\17.0.13-win32-x86_64\bin\java.exe
0x00007fffa08d0000 - 0x00007fffa0ae7000 	C:\WINDOWS\SYSTEM32\ntdll.dll
0x00007fff9ff50000 - 0x00007fffa0014000 	C:\WINDOWS\System32\KERNEL32.DLL
0x00007fff9e060000 - 0x00007fff9e417000 	C:\WINDOWS\System32\KERNELBASE.dll
0x00007fff9df40000 - 0x00007fff9e051000 	C:\WINDOWS\System32\ucrtbase.dll
0x00007fff83570000 - 0x00007fff83587000 	c:\Users\ADMIN\.vscode\extensions\redhat.java-1.36.0-win32-x64\jre\17.0.13-win32-x86_64\bin\jli.dll
0x00007fff9f410000 - 0x00007fff9f5bf000 	C:\WINDOWS\System32\USER32.dll
0x00007fff9dd30000 - 0x00007fff9dd56000 	C:\WINDOWS\System32\win32u.dll
0x00007fff9f360000 - 0x00007fff9f389000 	C:\WINDOWS\System32\GDI32.dll
0x00007fff9e4e0000 - 0x00007fff9e5f8000 	C:\WINDOWS\System32\gdi32full.dll
0x00007fff9dc60000 - 0x00007fff9dcfa000 	C:\WINDOWS\System32\msvcp_win.dll
0x00007fff800c0000 - 0x00007fff800de000 	c:\Users\ADMIN\.vscode\extensions\redhat.java-1.36.0-win32-x64\jre\17.0.13-win32-x86_64\bin\VCRUNTIME140.dll
0x00007fff8c290000 - 0x00007fff8c523000 	C:\WINDOWS\WinSxS\amd64_microsoft.windows.common-controls_6595b64144ccf1df_6.0.22621.3672_none_2713b9d173822955\COMCTL32.dll
0x00007fff9f5c0000 - 0x00007fff9f667000 	C:\WINDOWS\System32\msvcrt.dll
0x00007fffa0300000 - 0x00007fffa0331000 	C:\WINDOWS\System32\IMM32.DLL
0x00007fff89ff0000 - 0x00007fff89ffc000 	c:\Users\ADMIN\.vscode\extensions\redhat.java-1.36.0-win32-x64\jre\17.0.13-win32-x86_64\bin\vcruntime140_1.dll
0x00007fff3d410000 - 0x00007fff3d49d000 	c:\Users\ADMIN\.vscode\extensions\redhat.java-1.36.0-win32-x64\jre\17.0.13-win32-x86_64\bin\msvcp140.dll
0x00007ffed9be0000 - 0x00007ffeda84b000 	c:\Users\ADMIN\.vscode\extensions\redhat.java-1.36.0-win32-x64\jre\17.0.13-win32-x86_64\bin\server\jvm.dll
0x00007fff9f680000 - 0x00007fff9f732000 	C:\WINDOWS\System32\ADVAPI32.dll
0x00007fff9f740000 - 0x00007fff9f7e8000 	C:\WINDOWS\System32\sechost.dll
0x00007fff9dd00000 - 0x00007fff9dd28000 	C:\WINDOWS\System32\bcrypt.dll
0x00007fffa0020000 - 0x00007fffa0134000 	C:\WINDOWS\System32\RPCRT4.dll
0x00007fff9f880000 - 0x00007fff9f8f1000 	C:\WINDOWS\System32\WS2_32.dll
0x00007fff9ca50000 - 0x00007fff9ca9d000 	C:\WINDOWS\SYSTEM32\POWRPROF.dll
0x00007fff98830000 - 0x00007fff98864000 	C:\WINDOWS\SYSTEM32\WINMM.dll
0x00007fff97e30000 - 0x00007fff97e3a000 	C:\WINDOWS\SYSTEM32\VERSION.dll
0x00007fff9ca30000 - 0x00007fff9ca43000 	C:\WINDOWS\SYSTEM32\UMPDC.dll
0x00007fff9cce0000 - 0x00007fff9ccf8000 	C:\WINDOWS\SYSTEM32\kernel.appcore.dll
0x00007fff89d00000 - 0x00007fff89d0a000 	c:\Users\ADMIN\.vscode\extensions\redhat.java-1.36.0-win32-x64\jre\17.0.13-win32-x86_64\bin\jimage.dll
0x00007fff9b760000 - 0x00007fff9b992000 	C:\WINDOWS\SYSTEM32\DBGHELP.DLL
0x00007fff9fad0000 - 0x00007fff9fe5e000 	C:\WINDOWS\System32\combase.dll
0x00007fffa03a0000 - 0x00007fffa0477000 	C:\WINDOWS\System32\OLEAUT32.dll
0x00007fff7c100000 - 0x00007fff7c132000 	C:\WINDOWS\SYSTEM32\dbgcore.DLL
0x00007fff9dbe0000 - 0x00007fff9dc5b000 	C:\WINDOWS\System32\bcryptPrimitives.dll
0x00007fff838d0000 - 0x00007fff838de000 	c:\Users\ADMIN\.vscode\extensions\redhat.java-1.36.0-win32-x64\jre\17.0.13-win32-x86_64\bin\instrument.dll
0x00007fff782b0000 - 0x00007fff782d5000 	c:\Users\ADMIN\.vscode\extensions\redhat.java-1.36.0-win32-x64\jre\17.0.13-win32-x86_64\bin\java.dll
0x00007fff83720000 - 0x00007fff83738000 	c:\Users\ADMIN\.vscode\extensions\redhat.java-1.36.0-win32-x64\jre\17.0.13-win32-x86_64\bin\zip.dll
0x00007fff9eaf0000 - 0x00007fff9f359000 	C:\WINDOWS\System32\SHELL32.dll
0x00007fff9bb00000 - 0x00007fff9c3ff000 	C:\WINDOWS\SYSTEM32\windows.storage.dll
0x00007fff9b9c0000 - 0x00007fff9baff000 	C:\WINDOWS\SYSTEM32\wintypes.dll
0x00007fffa0790000 - 0x00007fffa0889000 	C:\WINDOWS\System32\SHCORE.dll
0x00007fffa0480000 - 0x00007fffa04de000 	C:\WINDOWS\System32\shlwapi.dll
0x00007fff9db10000 - 0x00007fff9db37000 	C:\WINDOWS\SYSTEM32\profapi.dll
0x00007fff6dbd0000 - 0x00007fff6dbe9000 	C:\Users\ADMIN\.vscode\extensions\redhat.java-1.36.0-win32-x64\jre\17.0.13-win32-x86_64\bin\net.dll
0x00007fff98490000 - 0x00007fff985c6000 	C:\WINDOWS\SYSTEM32\WINHTTP.dll
0x00007fff9d140000 - 0x00007fff9d1a9000 	C:\WINDOWS\system32\mswsock.dll
0x00007fff6db60000 - 0x00007fff6db76000 	C:\Users\ADMIN\.vscode\extensions\redhat.java-1.36.0-win32-x64\jre\17.0.13-win32-x86_64\bin\nio.dll
0x00007fff8a010000 - 0x00007fff8a020000 	c:\Users\ADMIN\.vscode\extensions\redhat.java-1.36.0-win32-x64\jre\17.0.13-win32-x86_64\bin\verify.dll
0x00007fff4d900000 - 0x00007fff4d945000 	C:\Users\ADMIN\AppData\Roaming\Code\User\globalStorage\redhat.java\1.36.0\config_win\org.eclipse.equinox.launcher\org.eclipse.equinox.launcher.win32.win32.x86_64_1.2.1100.v20240722-2106\eclipse_11904.dll
0x00007fff9f900000 - 0x00007fff9faa5000 	C:\WINDOWS\System32\ole32.dll
0x00007fff9d430000 - 0x00007fff9d44b000 	C:\WINDOWS\SYSTEM32\CRYPTSP.dll
0x00007fff9cc40000 - 0x00007fff9cc75000 	C:\WINDOWS\system32\rsaenh.dll
0x00007fff9d1e0000 - 0x00007fff9d208000 	C:\WINDOWS\SYSTEM32\USERENV.dll
0x00007fff9d340000 - 0x00007fff9d34c000 	C:\WINDOWS\SYSTEM32\CRYPTBASE.dll
0x00007fff9c6d0000 - 0x00007fff9c6fd000 	C:\WINDOWS\SYSTEM32\IPHLPAPI.DLL
0x00007fff9fac0000 - 0x00007fff9fac9000 	C:\WINDOWS\System32\NSI.dll
0x00007fff98810000 - 0x00007fff98829000 	C:\WINDOWS\SYSTEM32\dhcpcsvc6.DLL
0x00007fff98320000 - 0x00007fff9833f000 	C:\WINDOWS\SYSTEM32\dhcpcsvc.DLL
0x00007fff9c790000 - 0x00007fff9c892000 	C:\WINDOWS\SYSTEM32\DNSAPI.dll
0x00007fff69240000 - 0x00007fff69289000 	C:\Users\ADMIN\AppData\Local\Temp\jna-62130991\jna9678136458343538015.dll
0x00007fff9f670000 - 0x00007fff9f678000 	C:\WINDOWS\System32\PSAPI.DLL

dbghelp: loaded successfully - version: 4.0.5 - missing functions: none
symbol engine: initialized successfully - sym options: 0x614 - pdb path: .;c:\Users\ADMIN\.vscode\extensions\redhat.java-1.36.0-win32-x64\jre\17.0.13-win32-x86_64\bin;C:\WINDOWS\SYSTEM32;C:\WINDOWS\WinSxS\amd64_microsoft.windows.common-controls_6595b64144ccf1df_6.0.22621.3672_none_2713b9d173822955;c:\Users\ADMIN\.vscode\extensions\redhat.java-1.36.0-win32-x64\jre\17.0.13-win32-x86_64\bin\server;C:\Users\ADMIN\AppData\Roaming\Code\User\globalStorage\redhat.java\1.36.0\config_win\org.eclipse.equinox.launcher\org.eclipse.equinox.launcher.win32.win32.x86_64_1.2.1100.v20240722-2106;C:\Users\ADMIN\AppData\Local\Temp\jna-62130991

VM Arguments:
jvm_args: --add-modules=ALL-SYSTEM --add-opens=java.base/java.util=ALL-UNNAMED --add-opens=java.base/java.lang=ALL-UNNAMED --add-opens=java.base/sun.nio.fs=ALL-UNNAMED -Declipse.application=org.eclipse.jdt.ls.core.id1 -Dosgi.bundles.defaultStartLevel=4 -Declipse.product=org.eclipse.jdt.ls.core.product -Djava.import.generatesMetadataFilesAtProjectRoot=false -DDetectVMInstallationsJob.disabled=true -Dfile.encoding=utf8 -XX:+UseParallelGC -XX:GCTimeRatio=4 -XX:AdaptiveSizePolicyWeight=90 -Dsun.zip.disableMemoryMapping=true -Xmx1G -Xms100m -Xlog:disable -javaagent:c:\Users\ADMIN\.vscode\extensions\redhat.java-1.36.0-win32-x64\lombok\lombok-1.18.35.jar -XX:+HeapDumpOnOutOfMemoryError -XX:HeapDumpPath=c:\Users\ADMIN\AppData\Roaming\Code\User\workspaceStorage\14864e2f30b206bf4e9a29f563c2def8\redhat.java -Daether.dependencyCollector.impl=bf 
java_command: c:\Users\ADMIN\.vscode\extensions\redhat.java-1.36.0-win32-x64\server\plugins\org.eclipse.equinox.launcher_1.6.900.v20240613-2009.jar -configuration c:\Users\ADMIN\AppData\Roaming\Code\User\globalStorage\redhat.java\1.36.0\config_win -data c:\Users\ADMIN\AppData\Roaming\Code\User\workspaceStorage\14864e2f30b206bf4e9a29f563c2def8\redhat.java\jdt_ws --pipe=\\.\pipe\lsp-a6677e13352aa21e779c14a568d649cc-sock
java_class_path (initial): c:\Users\ADMIN\.vscode\extensions\redhat.java-1.36.0-win32-x64\server\plugins\org.eclipse.equinox.launcher_1.6.900.v20240613-2009.jar
Launcher Type: SUN_STANDARD

[Global flags]
    uintx AdaptiveSizePolicyWeight                 = 90                                        {product} {command line}
     intx CICompilerCount                          = 4                                         {product} {ergonomic}
    uintx GCTimeRatio                              = 4                                         {product} {command line}
     bool HeapDumpOnOutOfMemoryError               = true                                   {manageable} {command line}
    ccstr HeapDumpPath                             = c:\Users\ADMIN\AppData\Roaming\Code\User\workspaceStorage\14864e2f30b206bf4e9a29f563c2def8\redhat.java         {manageable} {command line}
   size_t InitialHeapSize                          = 104857600                                 {product} {command line}
   size_t MaxHeapSize                              = 1073741824                                {product} {command line}
   size_t MaxNewSize                               = 357564416                                 {product} {ergonomic}
   size_t MinHeapDeltaBytes                        = 524288                                    {product} {ergonomic}
   size_t MinHeapSize                              = 104857600                                 {product} {command line}
   size_t NewSize                                  = 34603008                                  {product} {ergonomic}
    uintx NonNMethodCodeHeapSize                   = 5839372                                {pd product} {ergonomic}
    uintx NonProfiledCodeHeapSize                  = 122909434                              {pd product} {ergonomic}
   size_t OldSize                                  = 70254592                                  {product} {ergonomic}
    uintx ProfiledCodeHeapSize                     = 122909434                              {pd product} {ergonomic}
    uintx ReservedCodeCacheSize                    = 251658240                              {pd product} {ergonomic}
     bool SegmentedCodeCache                       = true                                      {product} {ergonomic}
   size_t SoftMaxHeapSize                          = 1073741824                             {manageable} {ergonomic}
     bool UseCompressedClassPointers               = true                           {product lp64_product} {ergonomic}
     bool UseCompressedOops                        = true                           {product lp64_product} {ergonomic}
     bool UseLargePagesIndividualAllocation        = false                                  {pd product} {ergonomic}
     bool UseParallelGC                            = true                                      {product} {command line}

Logging:
Log output configuration:
 #0: stdout all=off uptime,level,tags
 #1: stderr all=off uptime,level,tags

Environment Variables:
PATH=C:\Program Files (x86)\VMware\VMware Workstation\bin\;C:\Program Files\Common Files\Oracle\Java\javapath;C:\WINDOWS\SysWOW64\;C:\WINDOWS\SysWOW64\1033;C:\Program Files\Microsoft MPI\Bin\;C:\Windows\system32;C:\Windows;C:\Windows\System32\Wbem;C:\Windows\System32\WindowsPowerShell\v1.0\;C:\Windows\System32\OpenSSH\;C:\Program Files (x86)\NVIDIA Corporation\PhysX\Common;C:\Program Files\NVIDIA Corporation\NVIDIA NvDLISR;C:\Program Files\dotnet\;C:\Program Files (x86)\mingw-w64\i686-8.1.0-posix-dwarf-rt_v6-rev0\mingw32\bin;C:\TDM-GCC-64\bin;C:\WINDOWS\system32;C:\WINDOWS;C:\WINDOWS\System32\Wbem;C:\WINDOWS\System32\WindowsPowerShell\v1.0\;C:\WINDOWS\System32\OpenSSH\;C:\Program Files (x86)\Microsoft SQL Server\160\Tools\Binn\;C:\Program Files\Microsoft SQL Server\160\Tools\Binn\;C:\Program Files\Microsoft SQL Server\Client SDK\ODBC\170\Tools\Binn\;C:\Program Files\Microsoft SQL Server\160\DTS\Binn\;C:\Program Files\Azure Data Studio\bin;D:\Git\cmd;C:\Program Files (x86)\Microsoft SQL Server\150\Tools\Binn\;C:\Program Files\Microsoft SQL Server\150\Tools\Binn\;C:\Program Files (x86)\Microsoft SQL Server\150\DTS\Binn\;C:\Program Files\Microsoft SQL Server\150\DTS\Binn\;C:\Windows\SysWOW64\1033;C:\Program Files\Java\jdk-22\bin;C:\Program Files\MySQL\MySQL Shell 8.0\bin\;C:\Users\ADMIN\AppData\Local\Programs\Python\Python311\Scripts\;C:\Users\ADMIN\AppData\Local\Programs\Python\Python311\;C:\Users\ADMIN\AppData\Local\Microsoft\WindowsApps;C:\MinGW\bin;C:\Users\ADMIN\AppData\Local\Programs\Microsoft VS Code\bin;C:\Users\ADMIN\AppData\Local\GitHubDesktop\bin;C:\Program Files\Azure Data Studio\bin;C:\Program Files\Java\jdk-21\bin
USERNAME=ADMIN
OS=Windows_NT
PROCESSOR_IDENTIFIER=AMD64 Family 25 Model 80 Stepping 0, AuthenticAMD
TMP=C:\Users\ADMIN\AppData\Local\Temp
TEMP=C:\Users\ADMIN\AppData\Local\Temp



Periodic native trim disabled


---------------  S Y S T E M  ---------------

OS:
 Windows 11 , 64 bit Build 22621 (10.0.22621.3958)
OS uptime: 0 days 10:41 hours
Hyper-V role detected

CPU: total 12 (initial active 12) (12 cores per cpu, 2 threads per core) family 25 model 80 stepping 0 microcode 0x0, cx8, cmov, fxsr, ht, mmx, 3dnowpref, sse, sse2, sse3, ssse3, sse4a, sse4.1, sse4.2, popcnt, lzcnt, tsc, tscinvbit, avx, avx2, aes, erms, clmul, bmi1, bmi2, adx, sha, fma, vzeroupper, clflush, clflushopt, hv
Processor Information for all 12 processors :
  Max Mhz: 3301, Current Mhz: 3301, Mhz Limit: 3301

Memory: 4k page, system-wide physical 7532M (150M free)
TotalPageFile size 26732M (AvailPageFile size 21M)
current process WorkingSet (physical memory assigned to process): 191M, peak: 191M
current process commit charge ("private bytes"): 286M, peak: 286M

vm_info: OpenJDK 64-Bit Server VM (17.0.13+11) for windows-amd64 JRE (17.0.13+11), built on Oct 16 2024 00:10:08 by "admin" with MS VC++ 17.7 (VS2022)

END.
